# JRE version: Java(TM) SE Runtime Environment (17.0.11+7) (build 17.0.11+7-LTS-207)
# Java VM: Java HotSpot(TM) 64-Bit Server VM (17.0.11+7-LTS-207, mixed mode, sharing, tiered, compressed oops, compressed class ptrs, g1 gc, windows-amd64)
GC Precious Log:
 CPUs: 4 total, 4 available
 Memory: 3998M
 Large Page Support: Disabled
 NUMA Support: Disabled
 Compressed Oops: Enabled (32-bit)
 Heap Region Size: 1M
 Heap Min Capacity: 8M
 Heap Initial Capacity: 64M
 Heap Max Capacity: 1000M
 Pre-touch: Disabled
 Parallel Workers: 4
 Concurrent Workers: 1
 Concurrent Refinement Workers: 4
 Periodic GC: Disabled
Heap:
 garbage-first heap   total 92160K, used 68565K [0x00000000c1800000, 0x0000000100000000)
  region size 1024K, 34 young (34816K), 1 survivors (1024K)
 Metaspace       used 84958K, committed 85568K, reserved 1179648K
  class space    used 11113K, committed 11392K, reserved 1048576K
GC Heap History (20 events):
Event: 33.193 GC heap before
{Heap before GC invocations=37 (full 0):
 garbage-first heap   total 92160K, used 79772K [0x00000000c1800000, 0x0000000100000000)
  region size 1024K, 44 young (45056K), 1 survivors (1024K)
 Metaspace       used 84880K, committed 85440K, reserved 1179648K
  class space    used 11113K, committed 11392K, reserved 1048576K
}
Event: 33.198 GC heap after
{Heap after GC invocations=38 (full 0):
 garbage-first heap   total 92160K, used 35762K [0x00000000c1800000, 0x0000000100000000)
  region size 1024K, 1 young (1024K), 1 survivors (1024K)
 Metaspace       used 84880K, committed 85440K, reserved 1179648K
  class space    used 11113K, committed 11392K, reserved 1048576K
}
Event: 35.295 GC heap before
{Heap before GC invocations=38 (full 0):
 garbage-first heap   total 92160K, used 80818K [0x00000000c1800000, 0x0000000100000000)
  region size 1024K, 45 young (46080K), 1 survivors (1024K)
 Metaspace       used 84882K, committed 85440K, reserved 1179648K
  class space    used 11113K, committed 11392K, reserved 1048576K
}
Event: 35.298 GC heap after
{Heap after GC invocations=39 (full 0):
 garbage-first heap   total 92160K, used 35756K [0x00000000c1800000, 0x0000000100000000)
  region size 1024K, 1 young (1024K), 1 survivors (1024K)
 Metaspace       used 84882K, committed 85440K, reserved 1179648K
  class space    used 11113K, committed 11392K, reserved 1048576K
}
Event: 36.878 GC heap before
{Heap before GC invocations=39 (full 0):
 garbage-first heap   total 92160K, used 80812K [0x00000000c1800000, 0x0000000100000000)
  region size 1024K, 45 young (46080K), 1 survivors (1024K)
 Metaspace       used 84883K, committed 85440K, reserved 1179648K
  class space    used 11113K, committed 11392K, reserved 1048576K
}
Event: 36.881 GC heap after
{Heap after GC invocations=40 (full 0):
 garbage-first heap   total 92160K, used 35765K [0x00000000c1800000, 0x0000000100000000)
  region size 1024K, 1 young (1024K), 1 survivors (1024K)
 Metaspace       used 84883K, committed 85440K, reserved 1179648K
  class space    used 11113K, committed 11392K, reserved 1048576K
}
Event: 37.891 GC heap before
{Heap before GC invocations=40 (full 0):
 garbage-first heap   total 92160K, used 80821K [0x00000000c1800000, 0x0000000100000000)
  region size 1024K, 45 young (46080K), 1 survivors (1024K)
 Metaspace       used 84885K, committed 85440K, reserved 1179648K
  class space    used 11113K, committed 11392K, reserved 1048576K
}
Event: 37.894 GC heap after
{Heap after GC invocations=41 (full 0):
 garbage-first heap   total 92160K, used 35770K [0x00000000c1800000, 0x0000000100000000)
  region size 1024K, 1 young (1024K), 1 survivors (1024K)
 Metaspace       used 84885K, committed 85440K, reserved 1179648K
  class space    used 11113K, committed 11392K, reserved 1048576K
}
Event: 39.205 GC heap before
{Heap before GC invocations=41 (full 0):
 garbage-first heap   total 92160K, used 80826K [0x00000000c1800000, 0x0000000100000000)
  region size 1024K, 45 young (46080K), 1 survivors (1024K)
 Metaspace       used 84899K, committed 85440K, reserved 1179648K
  class space    used 11113K, committed 11392K, reserved 1048576K
}
Event: 39.208 GC heap after
{Heap after GC invocations=42 (full 0):
 garbage-first heap   total 92160K, used 35772K [0x00000000c1800000, 0x0000000100000000)
  region size 1024K, 1 young (1024K), 1 survivors (1024K)
 Metaspace       used 84899K, committed 85440K, reserved 1179648K
  class space    used 11113K, committed 11392K, reserved 1048576K
}
Event: 40.322 GC heap before
{Heap before GC invocations=42 (full 0):
 garbage-first heap   total 92160K, used 80828K [0x00000000c1800000, 0x0000000100000000)
  region size 1024K, 45 young (46080K), 1 survivors (1024K)
 Metaspace       used 84909K, committed 85504K, reserved 1179648K
  class space    used 11113K, committed 11392K, reserved 1048576K
}
Event: 40.325 GC heap after
{Heap after GC invocations=43 (full 0):
 garbage-first heap   total 92160K, used 35768K [0x00000000c1800000, 0x0000000100000000)
  region size 1024K, 1 young (1024K), 1 survivors (1024K)
 Metaspace       used 84909K, committed 85504K, reserved 1179648K
  class space    used 11113K, committed 11392K, reserved 1048576K
}
Event: 41.271 GC heap before
{Heap before GC invocations=43 (full 0):
 garbage-first heap   total 92160K, used 80824K [0x00000000c1800000, 0x0000000100000000)
  region size 1024K, 45 young (46080K), 1 survivors (1024K)
 Metaspace       used 84913K, committed 85504K, reserved 1179648K
  class space    used 11113K, committed 11392K, reserved 1048576K
}
Event: 41.274 GC heap after
{Heap after GC invocations=44 (full 0):
 garbage-first heap   total 92160K, used 35790K [0x00000000c1800000, 0x0000000100000000)
  region size 1024K, 1 young (1024K), 1 survivors (1024K)
 Metaspace       used 84913K, committed 85504K, reserved 1179648K
  class space    used 11113K, committed 11392K, reserved 1048576K
}
Event: 43.650 GC heap before
{Heap before GC invocations=44 (full 0):
 garbage-first heap   total 92160K, used 80846K [0x00000000c1800000, 0x0000000100000000)
  region size 1024K, 45 young (46080K), 1 survivors (1024K)
 Metaspace       used 84924K, committed 85504K, reserved 1179648K
  class space    used 11113K, committed 11392K, reserved 1048576K
}
Event: 43.654 GC heap after
{Heap after GC invocations=45 (full 0):
 garbage-first heap   total 92160K, used 35792K [0x00000000c1800000, 0x0000000100000000)
  region size 1024K, 1 young (1024K), 1 survivors (1024K)
 Metaspace       used 84924K, committed 85504K, reserved 1179648K
  class space    used 11113K, committed 11392K, reserved 1048576K
}
Event: 45.619 GC heap before
{Heap before GC invocations=45 (full 0):
 garbage-first heap   total 92160K, used 80848K [0x00000000c1800000, 0x0000000100000000)
  region size 1024K, 45 young (46080K), 1 survivors (1024K)
 Metaspace       used 84954K, committed 85568K, reserved 1179648K
  class space    used 11113K, committed 11392K, reserved 1048576K
}
Event: 45.622 GC heap after
{Heap after GC invocations=46 (full 0):
 garbage-first heap   total 92160K, used 35794K [0x00000000c1800000, 0x0000000100000000)
  region size 1024K, 1 young (1024K), 1 survivors (1024K)
 Metaspace       used 84954K, committed 85568K, reserved 1179648K
  class space    used 11113K, committed 11392K, reserved 1048576K
}
Event: 46.625 GC heap before
{Heap before GC invocations=46 (full 0):
 garbage-first heap   total 92160K, used 80850K [0x00000000c1800000, 0x0000000100000000)
  region size 1024K, 45 young (46080K), 1 survivors (1024K)
 Metaspace       used 84956K, committed 85568K, reserved 1179648K
  class space    used 11113K, committed 11392K, reserved 1048576K
}
Event: 46.627 GC heap after
{Heap after GC invocations=47 (full 0):
 garbage-first heap   total 92160K, used 35797K [0x00000000c1800000, 0x0000000100000000)
  region size 1024K, 1 young (1024K), 1 survivors (1024K)
 Metaspace       used 84956K, committed 85568K, reserved 1179648K
  class space    used 11113K, committed 11392K, reserved 1048576K
}

