# JRE version: Java(TM) SE Runtime Environment (17.0.11+7) (build 17.0.11+7-LTS-207)
# Java VM: Java HotSpot(TM) 64-Bit Server VM (17.0.11+7-LTS-207, mixed mode, sharing, tiered, compressed oops, compressed class ptrs, g1 gc, windows-amd64)
GC Precious Log:
 CPUs: 4 total, 4 available
 Memory: 3998M
 Large Page Support: Disabled
 NUMA Support: Disabled
 Compressed Oops: Enabled (32-bit)
 Heap Region Size: 1M
 Heap Min Capacity: 8M
 Heap Initial Capacity: 64M
 Heap Max Capacity: 1000M
 Pre-touch: Disabled
 Parallel Workers: 4
 Concurrent Workers: 1
 Concurrent Refinement Workers: 4
 Periodic GC: Disabled
Heap:
 garbage-first heap   total 83968K, used 46968K [0x00000000c1800000, 0x0000000100000000)
  region size 1024K, 12 young (12288K), 1 survivors (1024K)
 Metaspace       used 85733K, committed 86272K, reserved 1179648K
  class space    used 11334K, committed 11584K, reserved 1048576K
GC Heap History (20 events):
Event: 19.995 GC heap before
{Heap before GC invocations=28 (full 0):
 garbage-first heap   total 55296K, used 42062K [0x00000000c1800000, 0x0000000100000000)
  region size 1024K, 14 young (14336K), 2 survivors (2048K)
 Metaspace       used 70737K, committed 71296K, reserved 1114112K
  class space    used 9620K, committed 9856K, reserved 1048576K
}
Event: 20.000 GC heap after
{Heap after GC invocations=29 (full 0):
 garbage-first heap   total 55296K, used 32168K [0x00000000c1800000, 0x0000000100000000)
  region size 1024K, 2 young (2048K), 2 survivors (2048K)
 Metaspace       used 70737K, committed 71296K, reserved 1114112K
  class space    used 9620K, committed 9856K, reserved 1048576K
}
Event: 20.435 GC heap before
{Heap before GC invocations=29 (full 0):
 garbage-first heap   total 55296K, used 43432K [0x00000000c1800000, 0x0000000100000000)
  region size 1024K, 13 young (13312K), 2 survivors (2048K)
 Metaspace       used 71979K, committed 72512K, reserved 1114112K
  class space    used 9820K, committed 10048K, reserved 1048576K
}
Event: 20.440 GC heap after
{Heap after GC invocations=30 (full 0):
 garbage-first heap   total 55296K, used 33544K [0x00000000c1800000, 0x0000000100000000)
  region size 1024K, 2 young (2048K), 2 survivors (2048K)
 Metaspace       used 71979K, committed 72512K, reserved 1114112K
  class space    used 9820K, committed 10048K, reserved 1048576K
}
Event: 20.993 GC heap before
{Heap before GC invocations=31 (full 0):
 garbage-first heap   total 60416K, used 43784K [0x00000000c1800000, 0x0000000100000000)
  region size 1024K, 12 young (12288K), 2 survivors (2048K)
 Metaspace       used 74304K, committed 74880K, reserved 1114112K
  class space    used 10099K, committed 10368K, reserved 1048576K
}
Event: 20.998 GC heap after
{Heap after GC invocations=32 (full 0):
 garbage-first heap   total 60416K, used 34189K [0x00000000c1800000, 0x0000000100000000)
  region size 1024K, 1 young (1024K), 1 survivors (1024K)
 Metaspace       used 74304K, committed 74880K, reserved 1114112K
  class space    used 10099K, committed 10368K, reserved 1048576K
}
Event: 21.125 GC heap before
{Heap before GC invocations=32 (full 0):
 garbage-first heap   total 60416K, used 35213K [0x00000000c1800000, 0x0000000100000000)
  region size 1024K, 2 young (2048K), 1 survivors (1024K)
 Metaspace       used 74545K, committed 75200K, reserved 1114112K
  class space    used 10129K, committed 10432K, reserved 1048576K
}
Event: 21.132 GC heap after
{Heap after GC invocations=33 (full 0):
 garbage-first heap   total 60416K, used 33749K [0x00000000c1800000, 0x0000000100000000)
  region size 1024K, 1 young (1024K), 1 survivors (1024K)
 Metaspace       used 74545K, committed 75200K, reserved 1114112K
  class space    used 10129K, committed 10432K, reserved 1048576K
}
Event: 21.942 GC heap before
{Heap before GC invocations=33 (full 0):
 garbage-first heap   total 60416K, used 48085K [0x00000000c1800000, 0x0000000100000000)
  region size 1024K, 15 young (15360K), 1 survivors (1024K)
 Metaspace       used 77052K, committed 77632K, reserved 1179648K
  class space    used 10321K, committed 10560K, reserved 1048576K
}
Event: 21.945 GC heap after
{Heap after GC invocations=34 (full 0):
 garbage-first heap   total 60416K, used 34908K [0x00000000c1800000, 0x0000000100000000)
  region size 1024K, 2 young (2048K), 2 survivors (2048K)
 Metaspace       used 77052K, committed 77632K, reserved 1179648K
  class space    used 10321K, committed 10560K, reserved 1048576K
}
Event: 22.562 GC heap before
{Heap before GC invocations=35 (full 0):
 garbage-first heap   total 65536K, used 48220K [0x00000000c1800000, 0x0000000100000000)
  region size 1024K, 16 young (16384K), 2 survivors (2048K)
 Metaspace       used 80929K, committed 81472K, reserved 1179648K
  class space    used 10615K, committed 10880K, reserved 1048576K
}
Event: 22.566 GC heap after
{Heap after GC invocations=36 (full 0):
 garbage-first heap   total 65536K, used 35677K [0x00000000c1800000, 0x0000000100000000)
  region size 1024K, 1 young (1024K), 1 survivors (1024K)
 Metaspace       used 80929K, committed 81472K, reserved 1179648K
  class space    used 10615K, committed 10880K, reserved 1048576K
}
Event: 22.670 GC heap before
{Heap before GC invocations=36 (full 0):
 garbage-first heap   total 65536K, used 37725K [0x00000000c1800000, 0x0000000100000000)
  region size 1024K, 3 young (3072K), 1 survivors (1024K)
 Metaspace       used 81339K, committed 81920K, reserved 1179648K
  class space    used 10674K, committed 10944K, reserved 1048576K
}
Event: 22.676 GC heap after
{Heap after GC invocations=37 (full 0):
 garbage-first heap   total 65536K, used 35375K [0x00000000c1800000, 0x0000000100000000)
  region size 1024K, 1 young (1024K), 1 survivors (1024K)
 Metaspace       used 81339K, committed 81920K, reserved 1179648K
  class space    used 10674K, committed 10944K, reserved 1048576K
}
Event: 46.126 GC heap before
{Heap before GC invocations=37 (full 0):
 garbage-first heap   total 65536K, used 52783K [0x00000000c1800000, 0x0000000100000000)
  region size 1024K, 18 young (18432K), 1 survivors (1024K)
 Metaspace       used 83285K, committed 83840K, reserved 1179648K
  class space    used 11042K, committed 11328K, reserved 1048576K
}
Event: 46.194 GC heap after
{Heap after GC invocations=38 (full 0):
 garbage-first heap   total 83968K, used 36383K [0x00000000c1800000, 0x0000000100000000)
  region size 1024K, 2 young (2048K), 2 survivors (2048K)
 Metaspace       used 83285K, committed 83840K, reserved 1179648K
  class space    used 11042K, committed 11328K, reserved 1048576K
}
Event: 117.636 GC heap before
{Heap before GC invocations=39 (full 0):
 garbage-first heap   total 83968K, used 66079K [0x00000000c1800000, 0x0000000100000000)
  region size 1024K, 31 young (31744K), 2 survivors (2048K)
 Metaspace       used 85703K, committed 86272K, reserved 1179648K
  class space    used 11334K, committed 11584K, reserved 1048576K
}
Event: 117.655 GC heap after
{Heap after GC invocations=40 (full 0):
 garbage-first heap   total 83968K, used 36825K [0x00000000c1800000, 0x0000000100000000)
  region size 1024K, 2 young (2048K), 2 survivors (2048K)
 Metaspace       used 85703K, committed 86272K, reserved 1179648K
  class space    used 11334K, committed 11584K, reserved 1048576K
}
Event: 124.620 GC heap before
{Heap before GC invocations=40 (full 0):
 garbage-first heap   total 83968K, used 38873K [0x00000000c1800000, 0x0000000100000000)
  region size 1024K, 4 young (4096K), 2 survivors (2048K)
 Metaspace       used 85704K, committed 86272K, reserved 1179648K
  class space    used 11334K, committed 11584K, reserved 1048576K
}
Event: 124.656 GC heap after
{Heap after GC invocations=41 (full 0):
 garbage-first heap   total 83968K, used 36728K [0x00000000c1800000, 0x0000000100000000)
  region size 1024K, 1 young (1024K), 1 survivors (1024K)
 Metaspace       used 85704K, committed 86272K, reserved 1179648K
  class space    used 11334K, committed 11584K, reserved 1048576K
}

