# JRE version: Java(TM) SE Runtime Environment (17.0.11+7) (build 17.0.11+7-LTS-207)
# Java VM: Java HotSpot(TM) 64-Bit Server VM (17.0.11+7-LTS-207, mixed mode, sharing, tiered, compressed oops, compressed class ptrs, g1 gc, windows-amd64)
GC Precious Log:
 CPUs: 4 total, 4 available
 Memory: 3998M
 Large Page Support: Disabled
 NUMA Support: Disabled
 Compressed Oops: Enabled (32-bit)
 Heap Region Size: 1M
 Heap Min Capacity: 8M
 Heap Initial Capacity: 64M
 Heap Max Capacity: 1000M
 Pre-touch: Disabled
 Parallel Workers: 4
 Concurrent Workers: 1
 Concurrent Refinement Workers: 4
 Periodic GC: Disabled
Heap:
 garbage-first heap   total 63488K, used 36267K [0x00000000c1800000, 0x0000000100000000)
  region size 1024K, 3 young (3072K), 1 survivors (1024K)
 Metaspace       used 82102K, committed 82688K, reserved 1179648K
  class space    used 10647K, committed 10944K, reserved 1048576K
GC Heap History (20 events):
Event: 14.623 GC heap before
{Heap before GC invocations=18 (full 0):
 garbage-first heap   total 60416K, used 47537K [0x00000000c1800000, 0x0000000100000000)
  region size 1024K, 27 young (27648K), 3 survivors (3072K)
 Metaspace       used 53285K, committed 53824K, reserved 1114112K
  class space    used 6827K, committed 7104K, reserved 1048576K
}
Event: 14.628 GC heap after
{Heap after GC invocations=19 (full 0):
 garbage-first heap   total 60416K, used 23932K [0x00000000c1800000, 0x0000000100000000)
  region size 1024K, 3 young (3072K), 3 survivors (3072K)
 Metaspace       used 53285K, committed 53824K, reserved 1114112K
  class space    used 6827K, committed 7104K, reserved 1048576K
}
Event: 15.739 GC heap before
{Heap before GC invocations=19 (full 0):
 garbage-first heap   total 60416K, used 47484K [0x00000000c1800000, 0x0000000100000000)
  region size 1024K, 27 young (27648K), 3 survivors (3072K)
 Metaspace       used 59601K, committed 60160K, reserved 1114112K
  class space    used 7900K, committed 8192K, reserved 1048576K
}
Event: 15.746 GC heap after
{Heap after GC invocations=20 (full 0):
 garbage-first heap   total 60416K, used 24855K [0x00000000c1800000, 0x0000000100000000)
  region size 1024K, 2 young (2048K), 2 survivors (2048K)
 Metaspace       used 59601K, committed 60160K, reserved 1114112K
  class space    used 7900K, committed 8192K, reserved 1048576K
}
Event: 16.876 GC heap before
{Heap before GC invocations=20 (full 0):
 garbage-first heap   total 60416K, used 48407K [0x00000000c1800000, 0x0000000100000000)
  region size 1024K, 26 young (26624K), 2 survivors (2048K)
 Metaspace       used 64844K, committed 65408K, reserved 1114112K
  class space    used 8659K, committed 8896K, reserved 1048576K
}
Event: 16.885 GC heap after
{Heap after GC invocations=21 (full 0):
 garbage-first heap   total 60416K, used 26065K [0x00000000c1800000, 0x0000000100000000)
  region size 1024K, 3 young (3072K), 3 survivors (3072K)
 Metaspace       used 64844K, committed 65408K, reserved 1114112K
  class space    used 8659K, committed 8896K, reserved 1048576K
}
Event: 19.616 GC heap before
{Heap before GC invocations=21 (full 0):
 garbage-first heap   total 60416K, used 49617K [0x00000000c1800000, 0x0000000100000000)
  region size 1024K, 26 young (26624K), 3 survivors (3072K)
 Metaspace       used 68289K, committed 68800K, reserved 1114112K
  class space    used 9202K, committed 9472K, reserved 1048576K
}
Event: 19.626 GC heap after
{Heap after GC invocations=22 (full 0):
 garbage-first heap   total 60416K, used 28172K [0x00000000c1800000, 0x0000000100000000)
  region size 1024K, 4 young (4096K), 4 survivors (4096K)
 Metaspace       used 68289K, committed 68800K, reserved 1114112K
  class space    used 9202K, committed 9472K, reserved 1048576K
}
Event: 20.083 GC heap before
{Heap before GC invocations=22 (full 0):
 garbage-first heap   total 60416K, used 34316K [0x00000000c1800000, 0x0000000100000000)
  region size 1024K, 11 young (11264K), 4 survivors (4096K)
 Metaspace       used 69402K, committed 69888K, reserved 1114112K
  class space    used 9278K, committed 9536K, reserved 1048576K
}
Event: 20.092 GC heap after
{Heap after GC invocations=23 (full 0):
 garbage-first heap   total 60416K, used 28924K [0x00000000c1800000, 0x0000000100000000)
  region size 1024K, 1 young (1024K), 1 survivors (1024K)
 Metaspace       used 69402K, committed 69888K, reserved 1114112K
  class space    used 9278K, committed 9536K, reserved 1048576K
}
Event: 21.328 GC heap before
{Heap before GC invocations=24 (full 0):
 garbage-first heap   total 60416K, used 48380K [0x00000000c1800000, 0x0000000100000000)
  region size 1024K, 20 young (20480K), 1 survivors (1024K)
 Metaspace       used 71030K, committed 71616K, reserved 1114112K
  class space    used 9543K, committed 9792K, reserved 1048576K
}
Event: 21.334 GC heap after
{Heap after GC invocations=25 (full 0):
 garbage-first heap   total 60416K, used 30768K [0x00000000c1800000, 0x0000000100000000)
  region size 1024K, 3 young (3072K), 3 survivors (3072K)
 Metaspace       used 71030K, committed 71616K, reserved 1114112K
  class space    used 9543K, committed 9792K, reserved 1048576K
}
Event: 23.340 GC heap before
{Heap before GC invocations=25 (full 0):
 garbage-first heap   total 60416K, used 47152K [0x00000000c1800000, 0x0000000100000000)
  region size 1024K, 20 young (20480K), 3 survivors (3072K)
 Metaspace       used 73008K, committed 73600K, reserved 1114112K
  class space    used 9842K, committed 10112K, reserved 1048576K
}
Event: 23.355 GC heap after
{Heap after GC invocations=26 (full 0):
 garbage-first heap   total 60416K, used 32437K [0x00000000c1800000, 0x0000000100000000)
  region size 1024K, 2 young (2048K), 2 survivors (2048K)
 Metaspace       used 73008K, committed 73600K, reserved 1114112K
  class space    used 9842K, committed 10112K, reserved 1048576K
}
Event: 25.561 GC heap before
{Heap before GC invocations=27 (full 0):
 garbage-first heap   total 60416K, used 47797K [0x00000000c1800000, 0x0000000100000000)
  region size 1024K, 18 young (18432K), 2 survivors (2048K)
 Metaspace       used 76129K, committed 76672K, reserved 1179648K
  class space    used 10203K, committed 10432K, reserved 1048576K
}
Event: 25.567 GC heap after
{Heap after GC invocations=28 (full 0):
 garbage-first heap   total 60416K, used 33448K [0x00000000c1800000, 0x0000000100000000)
  region size 1024K, 1 young (1024K), 1 survivors (1024K)
 Metaspace       used 76129K, committed 76672K, reserved 1179648K
  class space    used 10203K, committed 10432K, reserved 1048576K
}
Event: 27.494 GC heap before
{Heap before GC invocations=28 (full 0):
 garbage-first heap   total 60416K, used 48808K [0x00000000c1800000, 0x0000000100000000)
  region size 1024K, 17 young (17408K), 1 survivors (1024K)
 Metaspace       used 78862K, committed 79488K, reserved 1179648K
  class space    used 10382K, committed 10688K, reserved 1048576K
}
Event: 27.502 GC heap after
{Heap after GC invocations=29 (full 0):
 garbage-first heap   total 60416K, used 34525K [0x00000000c1800000, 0x0000000100000000)
  region size 1024K, 3 young (3072K), 3 survivors (3072K)
 Metaspace       used 78862K, committed 79488K, reserved 1179648K
  class space    used 10382K, committed 10688K, reserved 1048576K
}
Event: 29.245 GC heap before
{Heap before GC invocations=30 (full 0):
 garbage-first heap   total 63488K, used 46813K [0x00000000c1800000, 0x0000000100000000)
  region size 1024K, 16 young (16384K), 3 survivors (3072K)
 Metaspace       used 81761K, committed 82368K, reserved 1179648K
  class space    used 10599K, committed 10880K, reserved 1048576K
}
Event: 29.251 GC heap after
{Heap after GC invocations=31 (full 0):
 garbage-first heap   total 63488K, used 35243K [0x00000000c1800000, 0x0000000100000000)
  region size 1024K, 1 young (1024K), 1 survivors (1024K)
 Metaspace       used 81761K, committed 82368K, reserved 1179648K
  class space    used 10599K, committed 10880K, reserved 1048576K
}

