# JRE version: Java(TM) SE Runtime Environment (17.0.11+7) (build 17.0.11+7-LTS-207)
# Java VM: Java HotSpot(TM) 64-Bit Server VM (17.0.11+7-LTS-207, mixed mode, sharing, tiered, compressed oops, compressed class ptrs, g1 gc, windows-amd64)
GC Precious Log:
 CPUs: 4 total, 4 available
 Memory: 3998M
 Large Page Support: Disabled
 NUMA Support: Disabled
 Compressed Oops: Enabled (32-bit)
 Heap Region Size: 1M
 Heap Min Capacity: 8M
 Heap Initial Capacity: 64M
 Heap Max Capacity: 1000M
 Pre-touch: Disabled
 Parallel Workers: 4
 Concurrent Workers: 1
 Concurrent Refinement Workers: 4
 Periodic GC: Disabled
Heap:
 garbage-first heap   total 111616K, used 35757K [0x00000000c1800000, 0x0000000100000000)
  region size 1024K, 1 young (1024K), 1 survivors (1024K)
 Metaspace       used 84078K, committed 84736K, reserved 1179648K
  class space    used 11063K, committed 11392K, reserved 1048576K
GC Heap History (20 events):
Event: 144.610 GC heap after
{Heap after GC invocations=119 (full 0):
 garbage-first heap   total 80896K, used 35721K [0x00000000c1800000, 0x0000000100000000)
  region size 1024K, 1 young (1024K), 1 survivors (1024K)
 Metaspace       used 84076K, committed 84736K, reserved 1179648K
  class space    used 11063K, committed 11392K, reserved 1048576K
}
Event: 145.858 GC heap before
{Heap before GC invocations=119 (full 0):
 garbage-first heap   total 80896K, used 70537K [0x00000000c1800000, 0x0000000100000000)
  region size 1024K, 35 young (35840K), 1 survivors (1024K)
 Metaspace       used 84076K, committed 84736K, reserved 1179648K
  class space    used 11063K, committed 11392K, reserved 1048576K
}
Event: 145.859 GC heap after
{Heap after GC invocations=120 (full 0):
 garbage-first heap   total 80896K, used 35733K [0x00000000c1800000, 0x0000000100000000)
  region size 1024K, 1 young (1024K), 1 survivors (1024K)
 Metaspace       used 84076K, committed 84736K, reserved 1179648K
  class space    used 11063K, committed 11392K, reserved 1048576K
}
Event: 146.206 GC heap before
{Heap before GC invocations=120 (full 0):
 garbage-first heap   total 80896K, used 70549K [0x00000000c1800000, 0x0000000100000000)
  region size 1024K, 35 young (35840K), 1 survivors (1024K)
 Metaspace       used 84076K, committed 84736K, reserved 1179648K
  class space    used 11063K, committed 11392K, reserved 1048576K
}
Event: 146.207 GC heap after
{Heap after GC invocations=121 (full 0):
 garbage-first heap   total 80896K, used 35730K [0x00000000c1800000, 0x0000000100000000)
  region size 1024K, 1 young (1024K), 1 survivors (1024K)
 Metaspace       used 84076K, committed 84736K, reserved 1179648K
  class space    used 11063K, committed 11392K, reserved 1048576K
}
Event: 146.395 GC heap before
{Heap before GC invocations=121 (full 0):
 garbage-first heap   total 80896K, used 70546K [0x00000000c1800000, 0x0000000100000000)
  region size 1024K, 35 young (35840K), 1 survivors (1024K)
 Metaspace       used 84076K, committed 84736K, reserved 1179648K
  class space    used 11063K, committed 11392K, reserved 1048576K
}
Event: 146.396 GC heap after
{Heap after GC invocations=122 (full 0):
 garbage-first heap   total 80896K, used 35736K [0x00000000c1800000, 0x0000000100000000)
  region size 1024K, 1 young (1024K), 1 survivors (1024K)
 Metaspace       used 84076K, committed 84736K, reserved 1179648K
  class space    used 11063K, committed 11392K, reserved 1048576K
}
Event: 146.559 GC heap before
{Heap before GC invocations=122 (full 0):
 garbage-first heap   total 80896K, used 70552K [0x00000000c1800000, 0x0000000100000000)
  region size 1024K, 35 young (35840K), 1 survivors (1024K)
 Metaspace       used 84076K, committed 84736K, reserved 1179648K
  class space    used 11063K, committed 11392K, reserved 1048576K
}
Event: 146.560 GC heap after
{Heap after GC invocations=123 (full 0):
 garbage-first heap   total 80896K, used 35740K [0x00000000c1800000, 0x0000000100000000)
  region size 1024K, 1 young (1024K), 1 survivors (1024K)
 Metaspace       used 84076K, committed 84736K, reserved 1179648K
  class space    used 11063K, committed 11392K, reserved 1048576K
}
Event: 146.966 GC heap before
{Heap before GC invocations=123 (full 0):
 garbage-first heap   total 80896K, used 70556K [0x00000000c1800000, 0x0000000100000000)
  region size 1024K, 35 young (35840K), 1 survivors (1024K)
 Metaspace       used 84078K, committed 84736K, reserved 1179648K
  class space    used 11063K, committed 11392K, reserved 1048576K
}
Event: 146.967 GC heap after
{Heap after GC invocations=124 (full 0):
 garbage-first heap   total 80896K, used 35744K [0x00000000c1800000, 0x0000000100000000)
  region size 1024K, 1 young (1024K), 1 survivors (1024K)
 Metaspace       used 84078K, committed 84736K, reserved 1179648K
  class space    used 11063K, committed 11392K, reserved 1048576K
}
Event: 147.207 GC heap before
{Heap before GC invocations=124 (full 0):
 garbage-first heap   total 80896K, used 70560K [0x00000000c1800000, 0x0000000100000000)
  region size 1024K, 35 young (35840K), 1 survivors (1024K)
 Metaspace       used 84078K, committed 84736K, reserved 1179648K
  class space    used 11063K, committed 11392K, reserved 1048576K
}
Event: 147.466 GC heap after
{Heap after GC invocations=125 (full 0):
 garbage-first heap   total 80896K, used 35742K [0x00000000c1800000, 0x0000000100000000)
  region size 1024K, 1 young (1024K), 1 survivors (1024K)
 Metaspace       used 84078K, committed 84736K, reserved 1179648K
  class space    used 11063K, committed 11392K, reserved 1048576K
}
Event: 147.725 GC heap before
{Heap before GC invocations=125 (full 0):
 garbage-first heap   total 80896K, used 70558K [0x00000000c1800000, 0x0000000100000000)
  region size 1024K, 35 young (35840K), 1 survivors (1024K)
 Metaspace       used 84078K, committed 84736K, reserved 1179648K
  class space    used 11063K, committed 11392K, reserved 1048576K
}
Event: 147.734 GC heap after
{Heap after GC invocations=126 (full 0):
 garbage-first heap   total 80896K, used 35757K [0x00000000c1800000, 0x0000000100000000)
  region size 1024K, 1 young (1024K), 1 survivors (1024K)
 Metaspace       used 84078K, committed 84736K, reserved 1179648K
  class space    used 11063K, committed 11392K, reserved 1048576K
}
Event: 148.236 GC heap before
{Heap before GC invocations=126 (full 0):
 garbage-first heap   total 80896K, used 69549K [0x00000000c1800000, 0x0000000100000000)
  region size 1024K, 34 young (34816K), 1 survivors (1024K)
 Metaspace       used 84078K, committed 84736K, reserved 1179648K
  class space    used 11063K, committed 11392K, reserved 1048576K
}
Event: 148.282 GC heap after
{Heap after GC invocations=127 (full 0):
 garbage-first heap   total 80896K, used 35749K [0x00000000c1800000, 0x0000000100000000)
  region size 1024K, 1 young (1024K), 1 survivors (1024K)
 Metaspace       used 84078K, committed 84736K, reserved 1179648K
  class space    used 11063K, committed 11392K, reserved 1048576K
}
Event: 148.980 GC heap before
{Heap before GC invocations=128 (full 0):
 garbage-first heap   total 111616K, used 66469K [0x00000000c1800000, 0x0000000100000000)
  region size 1024K, 31 young (31744K), 1 survivors (1024K)
 Metaspace       used 84078K, committed 84736K, reserved 1179648K
  class space    used 11063K, committed 11392K, reserved 1048576K
}
Event: 148.982 GC heap after
{Heap after GC invocations=129 (full 0):
 garbage-first heap   total 111616K, used 35749K [0x00000000c1800000, 0x0000000100000000)
  region size 1024K, 1 young (1024K), 1 survivors (1024K)
 Metaspace       used 84078K, committed 84736K, reserved 1179648K
  class space    used 11063K, committed 11392K, reserved 1048576K
}
Event: 149.614 GC heap before
{Heap before GC invocations=129 (full 0):
 garbage-first heap   total 111616K, used 97189K [0x00000000c1800000, 0x0000000100000000)
  region size 1024K, 61 young (62464K), 1 survivors (1024K)
 Metaspace       used 84078K, committed 84736K, reserved 1179648K
  class space    used 11063K, committed 11392K, reserved 1048576K
}

