# JRE version: Java(TM) SE Runtime Environment (17.0.11+7) (build 17.0.11+7-LTS-207)
# Java VM: Java HotSpot(TM) 64-Bit Server VM (17.0.11+7-LTS-207, mixed mode, sharing, tiered, compressed oops, compressed class ptrs, g1 gc, windows-amd64)
GC Precious Log:
 CPUs: 4 total, 4 available
 Memory: 3998M
 Large Page Support: Disabled
 NUMA Support: Disabled
 Compressed Oops: Enabled (32-bit)
 Heap Region Size: 1M
 Heap Min Capacity: 8M
 Heap Initial Capacity: 64M
 Heap Max Capacity: 1000M
 Pre-touch: Disabled
 Parallel Workers: 4
 Concurrent Workers: 1
 Concurrent Refinement Workers: 4
 Periodic GC: Disabled
Heap:
 garbage-first heap   total 107520K, used 36389K [0x00000000c1800000, 0x0000000100000000)
  region size 1024K, 1 young (1024K), 1 survivors (1024K)
 Metaspace       used 83634K, committed 84224K, reserved 1179648K
  class space    used 11033K, committed 11328K, reserved 1048576K
GC Heap History (20 events):
Event: 23.712 GC heap after
{Heap after GC invocations=19 (full 0):
 garbage-first heap   total 75776K, used 31247K [0x00000000c1800000, 0x0000000100000000)
  region size 1024K, 3 young (3072K), 3 survivors (3072K)
 Metaspace       used 70261K, committed 70784K, reserved 1114112K
  class space    used 9543K, committed 9792K, reserved 1048576K
}
Event: 27.691 GC heap before
{Heap before GC invocations=19 (full 0):
 garbage-first heap   total 75776K, used 59919K [0x00000000c1800000, 0x0000000100000000)
  region size 1024K, 31 young (31744K), 3 survivors (3072K)
 Metaspace       used 74917K, committed 75520K, reserved 1114112K
  class space    used 10152K, committed 10432K, reserved 1048576K
}
Event: 27.722 GC heap after
{Heap after GC invocations=20 (full 0):
 garbage-first heap   total 75776K, used 34003K [0x00000000c1800000, 0x0000000100000000)
  region size 1024K, 3 young (3072K), 3 survivors (3072K)
 Metaspace       used 74917K, committed 75520K, reserved 1114112K
  class space    used 10152K, committed 10432K, reserved 1048576K
}
Event: 29.785 GC heap before
{Heap before GC invocations=20 (full 0):
 garbage-first heap   total 75776K, used 58579K [0x00000000c1800000, 0x0000000100000000)
  region size 1024K, 28 young (28672K), 3 survivors (3072K)
 Metaspace       used 80771K, committed 81344K, reserved 1179648K
  class space    used 10574K, committed 10816K, reserved 1048576K
}
Event: 29.805 GC heap after
{Heap after GC invocations=21 (full 0):
 garbage-first heap   total 75776K, used 35999K [0x00000000c1800000, 0x0000000100000000)
  region size 1024K, 2 young (2048K), 2 survivors (2048K)
 Metaspace       used 80771K, committed 81344K, reserved 1179648K
  class space    used 10574K, committed 10816K, reserved 1048576K
}
Event: 33.138 GC heap before
{Heap before GC invocations=21 (full 0):
 garbage-first heap   total 75776K, used 59551K [0x00000000c1800000, 0x0000000100000000)
  region size 1024K, 26 young (26624K), 2 survivors (2048K)
 Metaspace       used 83455K, committed 84032K, reserved 1179648K
  class space    used 11036K, committed 11328K, reserved 1048576K
}
Event: 33.153 GC heap after
{Heap after GC invocations=22 (full 0):
 garbage-first heap   total 75776K, used 37034K [0x00000000c1800000, 0x0000000100000000)
  region size 1024K, 3 young (3072K), 3 survivors (3072K)
 Metaspace       used 83455K, committed 84032K, reserved 1179648K
  class space    used 11036K, committed 11328K, reserved 1048576K
}
Event: 34.346 GC heap before
{Heap before GC invocations=23 (full 0):
 garbage-first heap   total 75776K, used 59562K [0x00000000c1800000, 0x0000000100000000)
  region size 1024K, 26 young (26624K), 3 survivors (3072K)
 Metaspace       used 83505K, committed 84160K, reserved 1179648K
  class space    used 11037K, committed 11328K, reserved 1048576K
}
Event: 34.360 GC heap after
{Heap after GC invocations=24 (full 0):
 garbage-first heap   total 75776K, used 37325K [0x00000000c1800000, 0x0000000100000000)
  region size 1024K, 2 young (2048K), 2 survivors (2048K)
 Metaspace       used 83505K, committed 84160K, reserved 1179648K
  class space    used 11037K, committed 11328K, reserved 1048576K
}
Event: 34.398 GC heap before
{Heap before GC invocations=24 (full 0):
 garbage-first heap   total 75776K, used 38349K [0x00000000c1800000, 0x0000000100000000)
  region size 1024K, 3 young (3072K), 2 survivors (2048K)
 Metaspace       used 83515K, committed 84160K, reserved 1179648K
  class space    used 11037K, committed 11328K, reserved 1048576K
}
Event: 34.404 GC heap after
{Heap after GC invocations=25 (full 0):
 garbage-first heap   total 75776K, used 37126K [0x00000000c1800000, 0x0000000100000000)
  region size 1024K, 1 young (1024K), 1 survivors (1024K)
 Metaspace       used 83515K, committed 84160K, reserved 1179648K
  class space    used 11037K, committed 11328K, reserved 1048576K
}
Event: 35.069 GC heap before
{Heap before GC invocations=25 (full 0):
 garbage-first heap   total 75776K, used 61702K [0x00000000c1800000, 0x0000000100000000)
  region size 1024K, 25 young (25600K), 1 survivors (1024K)
 Metaspace       used 83535K, committed 84160K, reserved 1179648K
  class space    used 11037K, committed 11328K, reserved 1048576K
}
Event: 35.071 GC heap after
{Heap after GC invocations=26 (full 0):
 garbage-first heap   total 75776K, used 36916K [0x00000000c1800000, 0x0000000100000000)
  region size 1024K, 1 young (1024K), 1 survivors (1024K)
 Metaspace       used 83535K, committed 84160K, reserved 1179648K
  class space    used 11037K, committed 11328K, reserved 1048576K
}
Event: 37.699 GC heap before
{Heap before GC invocations=27 (full 0):
 garbage-first heap   total 75776K, used 62516K [0x00000000c1800000, 0x0000000100000000)
  region size 1024K, 26 young (26624K), 1 survivors (1024K)
 Metaspace       used 83578K, committed 84160K, reserved 1179648K
  class space    used 11033K, committed 11328K, reserved 1048576K
}
Event: 37.704 GC heap after
{Heap after GC invocations=28 (full 0):
 garbage-first heap   total 75776K, used 36897K [0x00000000c1800000, 0x0000000100000000)
  region size 1024K, 1 young (1024K), 1 survivors (1024K)
 Metaspace       used 83578K, committed 84160K, reserved 1179648K
  class space    used 11033K, committed 11328K, reserved 1048576K
}
Event: 37.786 GC heap before
{Heap before GC invocations=28 (full 0):
 garbage-first heap   total 75776K, used 38945K [0x00000000c1800000, 0x0000000100000000)
  region size 1024K, 3 young (3072K), 1 survivors (1024K)
 Metaspace       used 83578K, committed 84160K, reserved 1179648K
  class space    used 11033K, committed 11328K, reserved 1048576K
}
Event: 37.801 GC heap after
{Heap after GC invocations=29 (full 0):
 garbage-first heap   total 75776K, used 36384K [0x00000000c1800000, 0x0000000100000000)
  region size 1024K, 1 young (1024K), 1 survivors (1024K)
 Metaspace       used 83578K, committed 84160K, reserved 1179648K
  class space    used 11033K, committed 11328K, reserved 1048576K
}
Event: 41.872 GC heap before
{Heap before GC invocations=29 (full 0):
 garbage-first heap   total 75776K, used 63008K [0x00000000c1800000, 0x0000000100000000)
  region size 1024K, 27 young (27648K), 1 survivors (1024K)
 Metaspace       used 83633K, committed 84224K, reserved 1179648K
  class space    used 11033K, committed 11328K, reserved 1048576K
}
Event: 41.934 GC heap after
{Heap after GC invocations=30 (full 0):
 garbage-first heap   total 75776K, used 36395K [0x00000000c1800000, 0x0000000100000000)
  region size 1024K, 1 young (1024K), 1 survivors (1024K)
 Metaspace       used 83633K, committed 84224K, reserved 1179648K
  class space    used 11033K, committed 11328K, reserved 1048576K
}
Event: 42.688 GC heap before
{Heap before GC invocations=30 (full 0):
 garbage-first heap   total 107520K, used 63019K [0x00000000c1800000, 0x0000000100000000)
  region size 1024K, 27 young (27648K), 1 survivors (1024K)
 Metaspace       used 83634K, committed 84224K, reserved 1179648K
  class space    used 11033K, committed 11328K, reserved 1048576K
}

