# JRE version: Java(TM) SE Runtime Environment (17.0.11+7) (build 17.0.11+7-LTS-207)
# Java VM: Java HotSpot(TM) 64-Bit Server VM (17.0.11+7-LTS-207, mixed mode, sharing, tiered, compressed oops, compressed class ptrs, g1 gc, windows-amd64)
GC Precious Log:
 CPUs: 4 total, 4 available
 Memory: 3998M
 Large Page Support: Disabled
 NUMA Support: Disabled
 Compressed Oops: Enabled (32-bit)
 Heap Region Size: 1M
 Heap Min Capacity: 8M
 Heap Initial Capacity: 64M
 Heap Max Capacity: 1000M
 Pre-touch: Disabled
 Parallel Workers: 4
 Concurrent Workers: 1
 Concurrent Refinement Workers: 4
 Periodic GC: Disabled
Heap:
 garbage-first heap   total 67584K, used 45871K [0x00000000c1800000, 0x0000000100000000)
  region size 1024K, 14 young (14336K), 1 survivors (1024K)
 Metaspace       used 77834K, committed 78464K, reserved 1179648K
  class space    used 10178K, committed 10496K, reserved 1048576K
GC Heap History (20 events):
Event: 12.802 GC heap before
{Heap before GC invocations=15 (full 0):
 garbage-first heap   total 54272K, used 39686K [0x00000000c1800000, 0x0000000100000000)
  region size 1024K, 21 young (21504K), 3 survivors (3072K)
 Metaspace       used 50178K, committed 50688K, reserved 1114112K
  class space    used 6575K, committed 6848K, reserved 1048576K
}
Event: 12.812 GC heap after
{Heap after GC invocations=16 (full 0):
 garbage-first heap   total 54272K, used 23385K [0x00000000c1800000, 0x0000000100000000)
  region size 1024K, 3 young (3072K), 3 survivors (3072K)
 Metaspace       used 50178K, committed 50688K, reserved 1114112K
  class space    used 6575K, committed 6848K, reserved 1048576K
}
Event: 13.791 GC heap before
{Heap before GC invocations=16 (full 0):
 garbage-first heap   total 54272K, used 40793K [0x00000000c1800000, 0x0000000100000000)
  region size 1024K, 21 young (21504K), 3 survivors (3072K)
 Metaspace       used 55530K, committed 56000K, reserved 1114112K
  class space    used 7497K, committed 7744K, reserved 1048576K
}
Event: 13.799 GC heap after
{Heap after GC invocations=17 (full 0):
 garbage-first heap   total 54272K, used 24319K [0x00000000c1800000, 0x0000000100000000)
  region size 1024K, 3 young (3072K), 3 survivors (3072K)
 Metaspace       used 55530K, committed 56000K, reserved 1114112K
  class space    used 7497K, committed 7744K, reserved 1048576K
}
Event: 14.459 GC heap before
{Heap before GC invocations=17 (full 0):
 garbage-first heap   total 54272K, used 40703K [0x00000000c1800000, 0x0000000100000000)
  region size 1024K, 20 young (20480K), 3 survivors (3072K)
 Metaspace       used 59252K, committed 59840K, reserved 1114112K
  class space    used 8088K, committed 8384K, reserved 1048576K
}
Event: 14.465 GC heap after
{Heap after GC invocations=18 (full 0):
 garbage-first heap   total 54272K, used 24996K [0x00000000c1800000, 0x0000000100000000)
  region size 1024K, 2 young (2048K), 2 survivors (2048K)
 Metaspace       used 59252K, committed 59840K, reserved 1114112K
  class space    used 8088K, committed 8384K, reserved 1048576K
}
Event: 15.412 GC heap before
{Heap before GC invocations=18 (full 0):
 garbage-first heap   total 54272K, used 41380K [0x00000000c1800000, 0x0000000100000000)
  region size 1024K, 19 young (19456K), 2 survivors (2048K)
 Metaspace       used 62177K, committed 62720K, reserved 1114112K
  class space    used 8456K, committed 8704K, reserved 1048576K
}
Event: 15.419 GC heap after
{Heap after GC invocations=19 (full 0):
 garbage-first heap   total 54272K, used 26596K [0x00000000c1800000, 0x0000000100000000)
  region size 1024K, 3 young (3072K), 3 survivors (3072K)
 Metaspace       used 62177K, committed 62720K, reserved 1114112K
  class space    used 8456K, committed 8704K, reserved 1048576K
}
Event: 16.069 GC heap before
{Heap before GC invocations=20 (full 0):
 garbage-first heap   total 54272K, used 42980K [0x00000000c1800000, 0x0000000100000000)
  region size 1024K, 19 young (19456K), 3 survivors (3072K)
 Metaspace       used 63487K, committed 64064K, reserved 1114112K
  class space    used 8673K, committed 8960K, reserved 1048576K
}
Event: 16.086 GC heap after
{Heap after GC invocations=21 (full 0):
 garbage-first heap   total 54272K, used 28595K [0x00000000c1800000, 0x0000000100000000)
  region size 1024K, 2 young (2048K), 2 survivors (2048K)
 Metaspace       used 63487K, committed 64064K, reserved 1114112K
  class space    used 8673K, committed 8960K, reserved 1048576K
}
Event: 16.517 GC heap before
{Heap before GC invocations=21 (full 0):
 garbage-first heap   total 54272K, used 41907K [0x00000000c1800000, 0x0000000100000000)
  region size 1024K, 16 young (16384K), 2 survivors (2048K)
 Metaspace       used 64921K, committed 65536K, reserved 1114112K
  class space    used 8875K, committed 9152K, reserved 1048576K
}
Event: 16.524 GC heap after
{Heap after GC invocations=22 (full 0):
 garbage-first heap   total 54272K, used 29929K [0x00000000c1800000, 0x0000000100000000)
  region size 1024K, 2 young (2048K), 2 survivors (2048K)
 Metaspace       used 64921K, committed 65536K, reserved 1114112K
  class space    used 8875K, committed 9152K, reserved 1048576K
}
Event: 86.994 GC heap before
{Heap before GC invocations=23 (full 0):
 garbage-first heap   total 56320K, used 42217K [0x00000000c1800000, 0x0000000100000000)
  region size 1024K, 15 young (15360K), 2 survivors (2048K)
 Metaspace       used 68075K, committed 68672K, reserved 1114112K
  class space    used 9293K, committed 9600K, reserved 1048576K
}
Event: 87.046 GC heap after
{Heap after GC invocations=24 (full 0):
 garbage-first heap   total 67584K, used 31324K [0x00000000c1800000, 0x0000000100000000)
  region size 1024K, 2 young (2048K), 2 survivors (2048K)
 Metaspace       used 68075K, committed 68672K, reserved 1114112K
  class space    used 9293K, committed 9600K, reserved 1048576K
}
Event: 529.904 GC heap before
{Heap before GC invocations=24 (full 0):
 garbage-first heap   total 67584K, used 51804K [0x00000000c1800000, 0x0000000100000000)
  region size 1024K, 23 young (23552K), 2 survivors (2048K)
 Metaspace       used 73314K, committed 73984K, reserved 1114112K
  class space    used 9867K, committed 10176K, reserved 1048576K
}
Event: 530.034 GC heap after
{Heap after GC invocations=25 (full 0):
 garbage-first heap   total 67584K, used 32692K [0x00000000c1800000, 0x0000000100000000)
  region size 1024K, 3 young (3072K), 3 survivors (3072K)
 Metaspace       used 73314K, committed 73984K, reserved 1114112K
  class space    used 9867K, committed 10176K, reserved 1048576K
}
Event: 751.509 GC heap before
{Heap before GC invocations=26 (full 0):
 garbage-first heap   total 67584K, used 53172K [0x00000000c1800000, 0x0000000100000000)
  region size 1024K, 24 young (24576K), 3 survivors (3072K)
 Metaspace       used 77158K, committed 77760K, reserved 1179648K
  class space    used 10111K, committed 10432K, reserved 1048576K
}
Event: 751.826 GC heap after
{Heap after GC invocations=27 (full 0):
 garbage-first heap   total 67584K, used 33477K [0x00000000c1800000, 0x0000000100000000)
  region size 1024K, 3 young (3072K), 3 survivors (3072K)
 Metaspace       used 77158K, committed 77760K, reserved 1179648K
  class space    used 10111K, committed 10432K, reserved 1048576K
}
Event: 775.713 GC heap before
{Heap before GC invocations=27 (full 0):
 garbage-first heap   total 67584K, used 34501K [0x00000000c1800000, 0x0000000100000000)
  region size 1024K, 4 young (4096K), 3 survivors (3072K)
 Metaspace       used 77196K, committed 77824K, reserved 1179648K
  class space    used 10111K, committed 10432K, reserved 1048576K
}
Event: 775.895 GC heap after
{Heap after GC invocations=28 (full 0):
 garbage-first heap   total 67584K, used 33583K [0x00000000c1800000, 0x0000000100000000)
  region size 1024K, 1 young (1024K), 1 survivors (1024K)
 Metaspace       used 77196K, committed 77824K, reserved 1179648K
  class space    used 10111K, committed 10432K, reserved 1048576K
}

