# JRE version: Java(TM) SE Runtime Environment (17.0.11+7) (build 17.0.11+7-LTS-207)
# Java VM: Java HotSpot(TM) 64-Bit Server VM (17.0.11+7-LTS-207, mixed mode, sharing, tiered, compressed oops, compressed class ptrs, g1 gc, windows-amd64)
GC Precious Log:
 CPUs: 4 total, 4 available
 Memory: 3998M
 Large Page Support: Disabled
 NUMA Support: Disabled
 Compressed Oops: Enabled (32-bit)
 Heap Region Size: 1M
 Heap Min Capacity: 8M
 Heap Initial Capacity: 64M
 Heap Max Capacity: 1000M
 Pre-touch: Disabled
 Parallel Workers: 4
 Concurrent Workers: 1
 Concurrent Refinement Workers: 4
 Periodic GC: Disabled
Heap:
 garbage-first heap   total 78848K, used 40540K [0x00000000c1800000, 0x0000000100000000)
  region size 1024K, 8 young (8192K), 2 survivors (2048K)
 Metaspace       used 82223K, committed 82752K, reserved 1179648K
  class space    used 10664K, committed 10880K, reserved 1048576K
GC Heap History (20 events):
Event: 14.905 GC heap before
{Heap before GC invocations=15 (full 0):
 garbage-first heap   total 78848K, used 59782K [0x00000000c1800000, 0x0000000100000000)
  region size 1024K, 37 young (37888K), 3 survivors (3072K)
 Metaspace       used 66549K, committed 67072K, reserved 1114112K
  class space    used 9119K, committed 9344K, reserved 1048576K
}
Event: 14.914 GC heap after
{Heap after GC invocations=16 (full 0):
 garbage-first heap   total 78848K, used 27853K [0x00000000c1800000, 0x0000000100000000)
  region size 1024K, 5 young (5120K), 5 survivors (5120K)
 Metaspace       used 66549K, committed 67072K, reserved 1114112K
  class space    used 9119K, committed 9344K, reserved 1048576K
}
Event: 16.058 GC heap before
{Heap before GC invocations=16 (full 0):
 garbage-first heap   total 78848K, used 60621K [0x00000000c1800000, 0x0000000100000000)
  region size 1024K, 37 young (37888K), 5 survivors (5120K)
 Metaspace       used 70820K, committed 71360K, reserved 1114112K
  class space    used 9614K, committed 9856K, reserved 1048576K
}
Event: 16.073 GC heap after
{Heap after GC invocations=17 (full 0):
 garbage-first heap   total 78848K, used 31407K [0x00000000c1800000, 0x0000000100000000)
  region size 1024K, 4 young (4096K), 4 survivors (4096K)
 Metaspace       used 70820K, committed 71360K, reserved 1114112K
  class space    used 9614K, committed 9856K, reserved 1048576K
}
Event: 17.621 GC heap before
{Heap before GC invocations=17 (full 0):
 garbage-first heap   total 78848K, used 61103K [0x00000000c1800000, 0x0000000100000000)
  region size 1024K, 33 young (33792K), 4 survivors (4096K)
 Metaspace       used 75871K, committed 76416K, reserved 1179648K
  class space    used 10238K, committed 10496K, reserved 1048576K
}
Event: 17.631 GC heap after
{Heap after GC invocations=18 (full 0):
 garbage-first heap   total 78848K, used 33689K [0x00000000c1800000, 0x0000000100000000)
  region size 1024K, 3 young (3072K), 3 survivors (3072K)
 Metaspace       used 75871K, committed 76416K, reserved 1179648K
  class space    used 10238K, committed 10496K, reserved 1048576K
}
Event: 42.985 GC heap before
{Heap before GC invocations=18 (full 0):
 garbage-first heap   total 78848K, used 60313K [0x00000000c1800000, 0x0000000100000000)
  region size 1024K, 30 young (30720K), 3 survivors (3072K)
 Metaspace       used 81090K, committed 81664K, reserved 1179648K
  class space    used 10595K, committed 10816K, reserved 1048576K
}
Event: 43.144 GC heap after
{Heap after GC invocations=19 (full 0):
 garbage-first heap   total 78848K, used 35384K [0x00000000c1800000, 0x0000000100000000)
  region size 1024K, 2 young (2048K), 2 survivors (2048K)
 Metaspace       used 81090K, committed 81664K, reserved 1179648K
  class space    used 10595K, committed 10816K, reserved 1048576K
}
Event: 174.155 GC heap before
{Heap before GC invocations=19 (full 0):
 garbage-first heap   total 78848K, used 62008K [0x00000000c1800000, 0x0000000100000000)
  region size 1024K, 28 young (28672K), 2 survivors (2048K)
 Metaspace       used 81357K, committed 81920K, reserved 1179648K
  class space    used 10597K, committed 10816K, reserved 1048576K
}
Event: 174.289 GC heap after
{Heap after GC invocations=20 (full 0):
 garbage-first heap   total 78848K, used 35344K [0x00000000c1800000, 0x0000000100000000)
  region size 1024K, 2 young (2048K), 2 survivors (2048K)
 Metaspace       used 81357K, committed 81920K, reserved 1179648K
  class space    used 10597K, committed 10816K, reserved 1048576K
}
Event: 318.165 GC heap before
{Heap before GC invocations=20 (full 0):
 garbage-first heap   total 78848K, used 62992K [0x00000000c1800000, 0x0000000100000000)
  region size 1024K, 29 young (29696K), 2 survivors (2048K)
 Metaspace       used 81487K, committed 81984K, reserved 1179648K
  class space    used 10597K, committed 10816K, reserved 1048576K
}
Event: 318.491 GC heap after
{Heap after GC invocations=21 (full 0):
 garbage-first heap   total 78848K, used 35356K [0x00000000c1800000, 0x0000000100000000)
  region size 1024K, 2 young (2048K), 2 survivors (2048K)
 Metaspace       used 81487K, committed 81984K, reserved 1179648K
  class space    used 10597K, committed 10816K, reserved 1048576K
}
Event: 472.122 GC heap before
{Heap before GC invocations=21 (full 0):
 garbage-first heap   total 78848K, used 64028K [0x00000000c1800000, 0x0000000100000000)
  region size 1024K, 30 young (30720K), 2 survivors (2048K)
 Metaspace       used 81575K, committed 82112K, reserved 1179648K
  class space    used 10598K, committed 10816K, reserved 1048576K
}
Event: 472.279 GC heap after
{Heap after GC invocations=22 (full 0):
 garbage-first heap   total 78848K, used 35337K [0x00000000c1800000, 0x0000000100000000)
  region size 1024K, 2 young (2048K), 2 survivors (2048K)
 Metaspace       used 81575K, committed 82112K, reserved 1179648K
  class space    used 10598K, committed 10816K, reserved 1048576K
}
Event: 644.872 GC heap before
{Heap before GC invocations=22 (full 0):
 garbage-first heap   total 78848K, used 65033K [0x00000000c1800000, 0x0000000100000000)
  region size 1024K, 31 young (31744K), 2 survivors (2048K)
 Metaspace       used 81619K, committed 82112K, reserved 1179648K
  class space    used 10598K, committed 10816K, reserved 1048576K
}
Event: 645.124 GC heap after
{Heap after GC invocations=23 (full 0):
 garbage-first heap   total 78848K, used 35415K [0x00000000c1800000, 0x0000000100000000)
  region size 1024K, 2 young (2048K), 2 survivors (2048K)
 Metaspace       used 81619K, committed 82112K, reserved 1179648K
  class space    used 10598K, committed 10816K, reserved 1048576K
}
Event: 814.080 GC heap before
{Heap before GC invocations=23 (full 0):
 garbage-first heap   total 78848K, used 66135K [0x00000000c1800000, 0x0000000100000000)
  region size 1024K, 32 young (32768K), 2 survivors (2048K)
 Metaspace       used 81638K, committed 82176K, reserved 1179648K
  class space    used 10598K, committed 10816K, reserved 1048576K
}
Event: 814.226 GC heap after
{Heap after GC invocations=24 (full 0):
 garbage-first heap   total 78848K, used 35344K [0x00000000c1800000, 0x0000000100000000)
  region size 1024K, 2 young (2048K), 2 survivors (2048K)
 Metaspace       used 81638K, committed 82176K, reserved 1179648K
  class space    used 10598K, committed 10816K, reserved 1048576K
}
Event: 951.420 GC heap before
{Heap before GC invocations=24 (full 0):
 garbage-first heap   total 78848K, used 66064K [0x00000000c1800000, 0x0000000100000000)
  region size 1024K, 32 young (32768K), 2 survivors (2048K)
 Metaspace       used 82190K, committed 82688K, reserved 1179648K
  class space    used 10663K, committed 10880K, reserved 1048576K
}
Event: 951.501 GC heap after
{Heap after GC invocations=25 (full 0):
 garbage-first heap   total 78848K, used 35420K [0x00000000c1800000, 0x0000000100000000)
  region size 1024K, 2 young (2048K), 2 survivors (2048K)
 Metaspace       used 82190K, committed 82688K, reserved 1179648K
  class space    used 10663K, committed 10880K, reserved 1048576K
}

